2021-03-04 00:43:41.685  INFO 19848 --- [main] c.g.w.controllers.EventControllerTest    : Starting EventControllerTest using Java 15.0.2 on Gabriel-PC with PID 19848 (started by Gabriel in C:\Users\Gabriel\Desktop\webhook-v2)
2021-03-04 00:43:41.691  INFO 19848 --- [main] c.g.w.controllers.EventControllerTest    : The following profiles are active: test
2021-03-04 00:43:44.343  INFO 19848 --- [main] .s.d.r.c.RepositoryConfigurationDelegate : Bootstrapping Spring Data JPA repositories in DEFAULT mode.
2021-03-04 00:43:44.595  INFO 19848 --- [main] .s.d.r.c.RepositoryConfigurationDelegate : Finished Spring Data repository scanning in 237 ms. Found 12 JPA repository interfaces.
2021-03-04 00:43:47.088  INFO 19848 --- [main] o.f.c.internal.license.VersionPrinter    : Flyway Community Edition 7.1.1 by Redgate
2021-03-04 00:43:47.541  INFO 19848 --- [main] o.f.c.i.database.base.DatabaseType       : Database: jdbc:h2:mem:webhook (H2 1.4)
2021-03-04 00:43:47.735  INFO 19848 --- [main] o.f.core.internal.command.DbValidate     : Successfully validated 18 migrations (execution time 00:00.083s)
2021-03-04 00:43:47.758  INFO 19848 --- [main] o.f.c.i.s.JdbcTableSchemaHistory         : Creating Schema History table "PUBLIC"."flyway_schema_history" ...
2021-03-04 00:43:47.850  INFO 19848 --- [main] o.f.core.internal.command.DbMigrate      : Current version of schema "PUBLIC": << Empty Schema >>
2021-03-04 00:43:47.860  INFO 19848 --- [main] o.f.core.internal.command.DbMigrate      : Migrating schema "PUBLIC" to version "1 - create payload"
2021-03-04 00:43:47.924  INFO 19848 --- [main] o.f.core.internal.command.DbMigrate      : Migrating schema "PUBLIC" to version "2 - create issue"
2021-03-04 00:43:47.961  INFO 19848 --- [main] o.f.core.internal.command.DbMigrate      : Migrating schema "PUBLIC" to version "3 - create user"
2021-03-04 00:43:48.009  INFO 19848 --- [main] o.f.core.internal.command.DbMigrate      : Migrating schema "PUBLIC" to version "4 - create assignee"
2021-03-04 00:43:48.042  INFO 19848 --- [main] o.f.core.internal.command.DbMigrate      : Migrating schema "PUBLIC" to version "5 - create assignees"
2021-03-04 00:43:48.074  INFO 19848 --- [main] o.f.core.internal.command.DbMigrate      : Migrating schema "PUBLIC" to version "6 - create labels"
2021-03-04 00:43:48.105  INFO 19848 --- [main] o.f.core.internal.command.DbMigrate      : Migrating schema "PUBLIC" to version "7 - create milestone"
2021-03-04 00:43:48.151  INFO 19848 --- [main] o.f.core.internal.command.DbMigrate      : Migrating schema "PUBLIC" to version "8 - create creator"
2021-03-04 00:43:48.184  INFO 19848 --- [main] o.f.core.internal.command.DbMigrate      : Migrating schema "PUBLIC" to version "9 - create repository"
2021-03-04 00:43:48.214  INFO 19848 --- [main] o.f.core.internal.command.DbMigrate      : Migrating schema "PUBLIC" to version "10 - create license"
2021-03-04 00:43:48.237  INFO 19848 --- [main] o.f.core.internal.command.DbMigrate      : Migrating schema "PUBLIC" to version "11 - create owner"
2021-03-04 00:43:48.265  INFO 19848 --- [main] o.f.core.internal.command.DbMigrate      : Migrating schema "PUBLIC" to version "12 - create sender"
2021-03-04 00:43:48.286  INFO 19848 --- [main] o.f.core.internal.command.DbMigrate      : Migrating schema "PUBLIC" to version "13 - alter payload"
2021-03-04 00:43:48.322  INFO 19848 --- [main] o.f.core.internal.command.DbMigrate      : Migrating schema "PUBLIC" to version "14 - alter labels"
2021-03-04 00:43:48.342  INFO 19848 --- [main] o.f.core.internal.command.DbMigrate      : Migrating schema "PUBLIC" to version "15 - alter issue"
2021-03-04 00:43:48.362  INFO 19848 --- [main] o.f.core.internal.command.DbMigrate      : Migrating schema "PUBLIC" to version "16 - alter assignees"
2021-03-04 00:43:48.384  INFO 19848 --- [main] o.f.core.internal.command.DbMigrate      : Migrating schema "PUBLIC" to version "17 - alter milestone"
2021-03-04 00:43:48.407  INFO 19848 --- [main] o.f.core.internal.command.DbMigrate      : Migrating schema "PUBLIC" to version "18 - alter repository"
2021-03-04 00:43:48.427  INFO 19848 --- [main] o.f.core.internal.command.DbMigrate      : Successfully applied 18 migrations to schema "PUBLIC" (execution time 00:00.590s)
2021-03-04 00:43:48.787  INFO 19848 --- [main] o.hibernate.jpa.internal.util.LogHelper  : HHH000204: Processing PersistenceUnitInfo [name: default]
2021-03-04 00:43:48.930  INFO 19848 --- [main] org.hibernate.Version                    : HHH000412: Hibernate ORM core version 5.4.27.Final
2021-03-04 00:43:49.032  INFO 19848 --- [main] o.hibernate.annotations.common.Version   : HCANN000001: Hibernate Commons Annotations {5.1.2.Final}
2021-03-04 00:43:49.369  INFO 19848 --- [main] com.zaxxer.hikari.HikariDataSource       : HikariPool-1 - Starting...
2021-03-04 00:43:49.407  INFO 19848 --- [main] com.zaxxer.hikari.HikariDataSource       : HikariPool-1 - Start completed.
2021-03-04 00:43:49.440  INFO 19848 --- [main] org.hibernate.dialect.Dialect            : HHH000400: Using dialect: org.hibernate.dialect.H2Dialect
2021-03-04 00:43:50.628  INFO 19848 --- [main] o.h.e.t.j.p.i.JtaPlatformInitiator       : HHH000490: Using JtaPlatform implementation: [org.hibernate.engine.transaction.jta.platform.internal.NoJtaPlatform]
2021-03-04 00:43:50.648  INFO 19848 --- [main] j.LocalContainerEntityManagerFactoryBean : Initialized JPA EntityManagerFactory for persistence unit 'default'
2021-03-04 00:43:51.565  WARN 19848 --- [main] JpaBaseConfiguration$JpaWebConfiguration : spring.jpa.open-in-view is enabled by default. Therefore, database queries may be performed during view rendering. Explicitly configure spring.jpa.open-in-view to disable this warning
2021-03-04 00:43:52.290  INFO 19848 --- [main] o.s.s.concurrent.ThreadPoolTaskExecutor  : Initializing ExecutorService 'applicationTaskExecutor'
2021-03-04 00:43:57.378  INFO 19848 --- [main] o.s.b.t.m.w.SpringBootMockServletContext : Initializing Spring TestDispatcherServlet ''
2021-03-04 00:43:57.379  INFO 19848 --- [main] o.s.t.web.servlet.TestDispatcherServlet  : Initializing Servlet ''
2021-03-04 00:43:57.395  INFO 19848 --- [main] o.s.b.a.e.web.EndpointLinksResolver      : Exposing 15 endpoint(s) beneath base path '/actuator'
2021-03-04 00:43:57.465  INFO 19848 --- [main] o.s.t.web.servlet.TestDispatcherServlet  : Completed initialization in 86 ms
2021-03-04 00:43:57.539  INFO 19848 --- [main] c.g.w.controllers.EventControllerTest    : Started EventControllerTest in 16.473 seconds (JVM running for 18.688)
2021-03-04 00:43:58.052  INFO 19848 --- [SpringContextShutdownHook] o.s.s.concurrent.ThreadPoolTaskExecutor  : Shutting down ExecutorService 'applicationTaskExecutor'
2021-03-04 00:43:58.055  INFO 19848 --- [SpringContextShutdownHook] j.LocalContainerEntityManagerFactoryBean : Closing JPA EntityManagerFactory for persistence unit 'default'
2021-03-04 00:43:58.057  INFO 19848 --- [SpringContextShutdownHook] .SchemaDropperImpl$DelayedDropActionImpl : HHH000477: Starting delayed evictData of schema as part of SessionFactory shut-down'
2021-03-04 00:43:58.077  INFO 19848 --- [SpringContextShutdownHook] com.zaxxer.hikari.HikariDataSource       : HikariPool-1 - Shutdown initiated...
2021-03-04 00:43:58.083  INFO 19848 --- [SpringContextShutdownHook] com.zaxxer.hikari.HikariDataSource       : HikariPool-1 - Shutdown completed.
